2025-11-10 11:10:00,630 P1663 [INFO] ************************************************************
2025-11-10 11:10:00,630 P1663 [INFO] ConfigSet _OnInstanceBoot
2025-11-10 11:10:00,633 P1663 [INFO] ++++++++++++++++++++++++++++++++++++++++++++++++++++++++++++
2025-11-10 11:10:00,633 P1663 [INFO] Config AWSEBBaseConfig
2025-11-10 11:10:01,097 P1663 [INFO] ============================================================
2025-11-10 11:10:01,097 P1663 [INFO] Command clearbackupfiles
2025-11-10 11:10:01,122 P1663 [INFO] Completed successfully.
2025-11-10 11:10:01,133 P1663 [INFO] ++++++++++++++++++++++++++++++++++++++++++++++++++++++++++++
2025-11-10 11:10:01,133 P1663 [INFO] Config AWSEBCfnHupEndpointOverride
2025-11-10 11:10:01,134 P1663 [INFO] ============================================================
2025-11-10 11:10:01,134 P1663 [INFO] Command clearbackupfiles
2025-11-10 11:10:01,149 P1663 [INFO] Completed successfully.
2025-11-10 11:12:31,027 P1922 [INFO] ************************************************************
2025-11-10 11:12:31,027 P1922 [INFO] ConfigSet Infra-EmbeddedPreBuild
2025-11-10 11:12:31,029 P1922 [INFO] ++++++++++++++++++++++++++++++++++++++++++++++++++++++++++++
2025-11-10 11:12:31,029 P1922 [INFO] Config prebuild_0_love_u_convert
2025-11-10 11:12:31,030 P1922 [INFO] ============================================================
2025-11-10 11:12:31,030 P1922 [INFO] Command 01_install_pm2
2025-11-10 11:12:39,933 P1922 [INFO] -----------------------Command Output-----------------------
2025-11-10 11:12:39,933 P1922 [INFO] 	
2025-11-10 11:12:39,933 P1922 [INFO] 	added 133 packages in 8s
2025-11-10 11:12:39,933 P1922 [INFO] 	
2025-11-10 11:12:39,933 P1922 [INFO] 	13 packages are looking for funding
2025-11-10 11:12:39,934 P1922 [INFO] 	  run `npm fund` for details
2025-11-10 11:12:39,934 P1922 [INFO] 	npm notice
2025-11-10 11:12:39,934 P1922 [INFO] 	npm notice New major version of npm available! 10.9.4 -> 11.6.2
2025-11-10 11:12:39,934 P1922 [INFO] 	npm notice Changelog: https://github.com/npm/cli/releases/tag/v11.6.2
2025-11-10 11:12:39,934 P1922 [INFO] 	npm notice To update run: npm install -g npm@11.6.2
2025-11-10 11:12:39,934 P1922 [INFO] 	npm notice
2025-11-10 11:12:39,934 P1922 [INFO] ------------------------------------------------------------
2025-11-10 11:12:39,934 P1922 [INFO] Completed successfully.
2025-11-10 11:12:39,938 P1922 [INFO] ++++++++++++++++++++++++++++++++++++++++++++++++++++++++++++
2025-11-10 11:12:39,938 P1922 [INFO] Config prebuild_1_love_u_convert
2025-11-10 11:12:39,939 P1922 [INFO] ============================================================
2025-11-10 11:12:39,939 P1922 [INFO] Command 01_make_cleanup_executable
2025-11-10 11:12:39,942 P1922 [INFO] -----------------------Command Output-----------------------
2025-11-10 11:12:39,943 P1922 [INFO] 	chmod: cannot access '/var/app/current/scripts/cleanup.sh': No such file or directory
2025-11-10 11:12:39,943 P1922 [INFO] ------------------------------------------------------------
2025-11-10 11:12:39,943 P1922 [ERROR] Exited with error code 1
2025-11-10 11:12:52,063 P2188 [INFO] ************************************************************
2025-11-10 11:12:52,063 P2188 [INFO] ConfigSet Infra-EmbeddedPostBuild
2025-11-10 11:26:58,721 P3757 [INFO] ************************************************************
2025-11-10 11:26:58,721 P3757 [INFO] ConfigSet Infra-EmbeddedPostBuild
2025-11-10 11:31:23,788 P4902 [INFO] ************************************************************
2025-11-10 11:31:23,788 P4902 [INFO] ConfigSet Infra-EmbeddedPostBuild
2025-11-10 11:34:08,148 P5395 [INFO] ************************************************************
2025-11-10 11:34:08,148 P5395 [INFO] ConfigSet Infra-EmbeddedPreBuild
2025-11-10 11:34:08,150 P5395 [INFO] ++++++++++++++++++++++++++++++++++++++++++++++++++++++++++++
2025-11-10 11:34:08,151 P5395 [INFO] Config prebuild_0_love_u_convert
2025-11-10 11:34:08,152 P5395 [INFO] ============================================================
2025-11-10 11:34:08,152 P5395 [INFO] Command 01_install_pm2
2025-11-10 11:34:15,092 P5395 [INFO] -----------------------Command Output-----------------------
2025-11-10 11:34:15,092 P5395 [INFO] 	
2025-11-10 11:34:15,092 P5395 [INFO] 	changed 133 packages in 7s
2025-11-10 11:34:15,092 P5395 [INFO] 	
2025-11-10 11:34:15,092 P5395 [INFO] 	13 packages are looking for funding
2025-11-10 11:34:15,092 P5395 [INFO] 	  run `npm fund` for details
2025-11-10 11:34:15,092 P5395 [INFO] ------------------------------------------------------------
2025-11-10 11:34:15,092 P5395 [INFO] Completed successfully.
2025-11-10 11:34:15,095 P5395 [INFO] ++++++++++++++++++++++++++++++++++++++++++++++++++++++++++++
2025-11-10 11:34:15,095 P5395 [INFO] Config prebuild_1_love_u_convert
2025-11-10 11:34:15,096 P5395 [INFO] ============================================================
2025-11-10 11:34:15,096 P5395 [INFO] Command 01_make_cleanup_executable
2025-11-10 11:34:15,101 P5395 [INFO] Completed successfully.
2025-11-10 11:34:25,425 P5716 [INFO] ************************************************************
2025-11-10 11:34:25,425 P5716 [INFO] ConfigSet Infra-EmbeddedPostBuild
2025-11-10 11:35:04,564 P5906 [INFO] ************************************************************
2025-11-10 11:35:04,564 P5906 [INFO] ConfigSet Infra-EmbeddedPreBuild
2025-11-10 11:35:04,567 P5906 [INFO] ++++++++++++++++++++++++++++++++++++++++++++++++++++++++++++
2025-11-10 11:35:04,567 P5906 [INFO] Config prebuild_0_love_u_convert
2025-11-10 11:35:04,568 P5906 [INFO] ============================================================
2025-11-10 11:35:04,568 P5906 [INFO] Command 01_install_pm2
2025-11-10 11:35:08,478 P5906 [INFO] -----------------------Command Output-----------------------
2025-11-10 11:35:08,479 P5906 [INFO] 	
2025-11-10 11:35:08,479 P5906 [INFO] 	changed 133 packages in 4s
2025-11-10 11:35:08,479 P5906 [INFO] 	
2025-11-10 11:35:08,479 P5906 [INFO] 	13 packages are looking for funding
2025-11-10 11:35:08,479 P5906 [INFO] 	  run `npm fund` for details
2025-11-10 11:35:08,479 P5906 [INFO] ------------------------------------------------------------
2025-11-10 11:35:08,482 P5906 [INFO] Completed successfully.
2025-11-10 11:35:08,485 P5906 [INFO] ++++++++++++++++++++++++++++++++++++++++++++++++++++++++++++
2025-11-10 11:35:08,485 P5906 [INFO] Config prebuild_1_love_u_convert
2025-11-10 11:35:08,486 P5906 [INFO] ============================================================
2025-11-10 11:35:08,486 P5906 [INFO] Command 01_make_cleanup_executable
2025-11-10 11:35:08,498 P5906 [INFO] Completed successfully.
2025-11-10 11:35:18,852 P6223 [INFO] ************************************************************
2025-11-10 11:35:18,852 P6223 [INFO] ConfigSet Infra-EmbeddedPostBuild
2025-11-10 11:36:14,583 P6483 [INFO] ************************************************************
2025-11-10 11:36:14,583 P6483 [INFO] ConfigSet Infra-EmbeddedPreBuild
2025-11-10 11:36:14,585 P6483 [INFO] ++++++++++++++++++++++++++++++++++++++++++++++++++++++++++++
2025-11-10 11:36:14,586 P6483 [INFO] Config prebuild_0_love_u_convert
2025-11-10 11:36:14,587 P6483 [INFO] ============================================================
2025-11-10 11:36:14,587 P6483 [INFO] Command 01_make_cleanup_executable
2025-11-10 11:36:14,591 P6483 [INFO] Completed successfully.
2025-11-10 11:36:25,504 P6740 [INFO] ************************************************************
2025-11-10 11:36:25,504 P6740 [INFO] ConfigSet Infra-EmbeddedPostBuild
2025-11-10 11:38:59,522 P7035 [INFO] ************************************************************
2025-11-10 11:38:59,522 P7035 [INFO] ConfigSet Infra-EmbeddedPreBuild
2025-11-10 11:38:59,524 P7035 [INFO] ++++++++++++++++++++++++++++++++++++++++++++++++++++++++++++
2025-11-10 11:38:59,524 P7035 [INFO] Config prebuild_0_love_u_convert
2025-11-10 11:38:59,526 P7035 [INFO] ============================================================
2025-11-10 11:38:59,526 P7035 [INFO] Command 01_make_cleanup_executable
2025-11-10 11:38:59,530 P7035 [INFO] Completed successfully.
2025-11-10 11:39:11,448 P7341 [INFO] ************************************************************
2025-11-10 11:39:11,448 P7341 [INFO] ConfigSet Infra-EmbeddedPostBuild
2025-11-10 11:40:08,855 P7555 [INFO] ************************************************************
2025-11-10 11:40:08,855 P7555 [INFO] ConfigSet Infra-EmbeddedPreBuild
2025-11-10 11:40:19,039 P7861 [INFO] ************************************************************
2025-11-10 11:40:19,039 P7861 [INFO] ConfigSet Infra-EmbeddedPostBuild
2025-11-10 16:15:40,835 P20200 [INFO] ************************************************************
2025-11-10 16:15:40,835 P20200 [INFO] ConfigSet Infra-EmbeddedPostBuild
2025-11-10 16:18:22,717 P20492 [INFO] ************************************************************
2025-11-10 16:18:22,717 P20492 [INFO] ConfigSet Infra-EmbeddedPreBuild
2025-11-10 16:18:22,720 P20492 [INFO] ++++++++++++++++++++++++++++++++++++++++++++++++++++++++++++
2025-11-10 16:18:22,720 P20492 [INFO] Config prebuild_0_love_u_convert
2025-11-10 16:18:22,721 P20492 [INFO] ============================================================
2025-11-10 16:18:22,721 P20492 [INFO] Command 01_install_pm2
2025-11-10 16:18:31,675 P20492 [INFO] -----------------------Command Output-----------------------
2025-11-10 16:18:31,675 P20492 [INFO] 	
2025-11-10 16:18:31,675 P20492 [INFO] 	changed 133 packages in 9s
2025-11-10 16:18:31,675 P20492 [INFO] 	
2025-11-10 16:18:31,675 P20492 [INFO] 	13 packages are looking for funding
2025-11-10 16:18:31,675 P20492 [INFO] 	  run `npm fund` for details
2025-11-10 16:18:31,675 P20492 [INFO] ------------------------------------------------------------
2025-11-10 16:18:31,675 P20492 [INFO] Completed successfully.
2025-11-10 16:18:31,679 P20492 [INFO] ++++++++++++++++++++++++++++++++++++++++++++++++++++++++++++
2025-11-10 16:18:31,679 P20492 [INFO] Config prebuild_1_love_u_convert
2025-11-10 16:18:31,680 P20492 [INFO] ============================================================
2025-11-10 16:18:31,680 P20492 [INFO] Command 01_make_cleanup_executable
2025-11-10 16:18:31,684 P20492 [INFO] Completed successfully.
2025-11-10 16:18:42,030 P20810 [INFO] ************************************************************
2025-11-10 16:18:42,031 P20810 [INFO] ConfigSet Infra-EmbeddedPostBuild
2025-11-10 16:20:40,217 P21314 [INFO] ************************************************************
2025-11-10 16:20:40,217 P21314 [INFO] ConfigSet Infra-EmbeddedPreBuild
2025-11-10 16:20:40,220 P21314 [INFO] ++++++++++++++++++++++++++++++++++++++++++++++++++++++++++++
2025-11-10 16:20:40,220 P21314 [INFO] Config prebuild_0_love_u_convert
2025-11-10 16:20:40,222 P21314 [INFO] ============================================================
2025-11-10 16:20:40,222 P21314 [INFO] Command 01_make_cleanup_executable
2025-11-10 16:20:40,225 P21314 [INFO] Completed successfully.
2025-11-10 16:20:50,530 P21571 [INFO] ************************************************************
2025-11-10 16:20:50,530 P21571 [INFO] ConfigSet Infra-EmbeddedPostBuild
2025-11-10 16:37:50,993 P22439 [INFO] ************************************************************
2025-11-10 16:37:50,993 P22439 [INFO] ConfigSet Infra-EmbeddedPreBuild
2025-11-10 16:37:50,996 P22439 [INFO] ++++++++++++++++++++++++++++++++++++++++++++++++++++++++++++
2025-11-10 16:37:50,996 P22439 [INFO] Config prebuild_0_love_u_convert
2025-11-10 16:37:50,997 P22439 [INFO] ============================================================
2025-11-10 16:37:50,997 P22439 [INFO] Command 01_make_cleanup_executable
2025-11-10 16:37:51,000 P22439 [INFO] Completed successfully.
2025-11-10 16:38:02,373 P22771 [INFO] ************************************************************
2025-11-10 16:38:02,373 P22771 [INFO] ConfigSet Infra-EmbeddedPostBuild
2025-11-10 16:39:04,711 P22963 [INFO] ************************************************************
2025-11-10 16:39:04,711 P22963 [INFO] ConfigSet Infra-EmbeddedPreBuild
2025-11-10 16:39:04,713 P22963 [INFO] ++++++++++++++++++++++++++++++++++++++++++++++++++++++++++++
2025-11-10 16:39:04,713 P22963 [INFO] Config prebuild_0_love_u_convert
2025-11-10 16:39:04,715 P22963 [INFO] ============================================================
2025-11-10 16:39:04,715 P22963 [INFO] Command 01_make_cleanup_executable
2025-11-10 16:39:04,724 P22963 [INFO] Completed successfully.
2025-11-10 16:39:15,128 P23269 [INFO] ************************************************************
2025-11-10 16:39:15,128 P23269 [INFO] ConfigSet Infra-EmbeddedPostBuild
2025-11-10 16:40:11,368 P23534 [INFO] ************************************************************
2025-11-10 16:40:11,368 P23534 [INFO] ConfigSet Infra-EmbeddedPreBuild
2025-11-10 16:40:11,373 P23534 [INFO] ++++++++++++++++++++++++++++++++++++++++++++++++++++++++++++
2025-11-10 16:40:11,373 P23534 [INFO] Config prebuild_0_love_u_convert
2025-11-10 16:40:11,375 P23534 [INFO] ============================================================
2025-11-10 16:40:11,375 P23534 [INFO] Command 01_make_cleanup_executable
2025-11-10 16:40:11,379 P23534 [INFO] Completed successfully.
2025-11-10 16:40:22,196 P23791 [INFO] ************************************************************
2025-11-10 16:40:22,196 P23791 [INFO] ConfigSet Infra-EmbeddedPostBuild
2025-11-10 16:41:28,058 P24036 [INFO] ************************************************************
2025-11-10 16:41:28,058 P24036 [INFO] ConfigSet Infra-EmbeddedPreBuild
2025-11-10 16:41:28,060 P24036 [INFO] ++++++++++++++++++++++++++++++++++++++++++++++++++++++++++++
2025-11-10 16:41:28,060 P24036 [INFO] Config prebuild_0_love_u_convert
2025-11-10 16:41:28,062 P24036 [INFO] ============================================================
2025-11-10 16:41:28,062 P24036 [INFO] Command 01_make_cleanup_executable
2025-11-10 16:41:28,065 P24036 [INFO] Completed successfully.
2025-11-10 16:41:38,576 P24292 [INFO] ************************************************************
2025-11-10 16:41:38,576 P24292 [INFO] ConfigSet Infra-EmbeddedPostBuild
2025-11-10 16:49:51,444 P24810 [INFO] ************************************************************
2025-11-10 16:49:51,444 P24810 [INFO] ConfigSet Infra-EmbeddedPreBuild
2025-11-10 16:49:51,446 P24810 [INFO] ++++++++++++++++++++++++++++++++++++++++++++++++++++++++++++
2025-11-10 16:49:51,446 P24810 [INFO] Config prebuild_0_love_u_convert
2025-11-10 16:49:51,448 P24810 [INFO] ============================================================
2025-11-10 16:49:51,448 P24810 [INFO] Command 01_make_cleanup_executable
2025-11-10 16:49:51,451 P24810 [INFO] Completed successfully.
2025-11-10 16:49:51,455 P24810 [INFO] ++++++++++++++++++++++++++++++++++++++++++++++++++++++++++++
2025-11-10 16:49:51,455 P24810 [INFO] Config prebuild_1_love_u_convert
2025-11-10 16:50:03,745 P25099 [INFO] ************************************************************
2025-11-10 16:50:03,745 P25099 [INFO] ConfigSet Infra-EmbeddedPostBuild
2025-11-11 06:18:01,070 P60312 [INFO] ************************************************************
2025-11-11 06:18:01,070 P60312 [INFO] ConfigSet Infra-EmbeddedPreBuild
2025-11-11 06:18:01,073 P60312 [INFO] ++++++++++++++++++++++++++++++++++++++++++++++++++++++++++++
2025-11-11 06:18:01,073 P60312 [INFO] Config prebuild_0_love_u_convert
2025-11-11 06:18:01,075 P60312 [INFO] ============================================================
2025-11-11 06:18:01,075 P60312 [INFO] Command 01_make_cleanup_executable
2025-11-11 06:18:01,080 P60312 [INFO] Completed successfully.
2025-11-11 06:18:01,084 P60312 [INFO] ++++++++++++++++++++++++++++++++++++++++++++++++++++++++++++
2025-11-11 06:18:01,084 P60312 [INFO] Config prebuild_1_love_u_convert
2025-11-11 06:18:13,452 P60643 [INFO] ************************************************************
2025-11-11 06:18:13,452 P60643 [INFO] ConfigSet Infra-EmbeddedPostBuild
2025-11-11 09:23:49,765 P69013 [INFO] ************************************************************
2025-11-11 09:23:49,765 P69013 [INFO] ConfigSet Infra-EmbeddedPreBuild
2025-11-11 09:23:49,767 P69013 [INFO] ++++++++++++++++++++++++++++++++++++++++++++++++++++++++++++
2025-11-11 09:23:49,767 P69013 [INFO] Config prebuild_0_love_u_convert
2025-11-11 09:23:49,769 P69013 [INFO] ============================================================
2025-11-11 09:23:49,769 P69013 [INFO] Command 01_make_cleanup_executable
2025-11-11 09:23:49,772 P69013 [INFO] Completed successfully.
2025-11-11 09:23:49,776 P69013 [INFO] ++++++++++++++++++++++++++++++++++++++++++++++++++++++++++++
2025-11-11 09:23:49,776 P69013 [INFO] Config prebuild_1_love_u_convert
2025-11-11 09:23:49,779 P69013 [INFO] ++++++++++++++++++++++++++++++++++++++++++++++++++++++++++++
2025-11-11 09:23:49,779 P69013 [INFO] Config prebuild_2_love_u_convert
2025-11-11 09:23:59,912 P69322 [INFO] ************************************************************
2025-11-11 09:23:59,912 P69322 [INFO] ConfigSet Infra-EmbeddedPostBuild
2025-11-11 10:01:54,247 P71403 [INFO] ************************************************************
2025-11-11 10:01:54,247 P71403 [INFO] ConfigSet Infra-EmbeddedPreBuild
2025-11-11 10:01:54,249 P71403 [INFO] ++++++++++++++++++++++++++++++++++++++++++++++++++++++++++++
2025-11-11 10:01:54,249 P71403 [INFO] Config prebuild_0_love_u_convert
2025-11-11 10:01:54,251 P71403 [INFO] ============================================================
2025-11-11 10:01:54,251 P71403 [INFO] Command 01_make_cleanup_executable
2025-11-11 10:01:54,255 P71403 [INFO] Completed successfully.
2025-11-11 10:01:54,259 P71403 [INFO] ++++++++++++++++++++++++++++++++++++++++++++++++++++++++++++
2025-11-11 10:01:54,259 P71403 [INFO] Config prebuild_1_love_u_convert
2025-11-11 10:01:54,262 P71403 [INFO] ++++++++++++++++++++++++++++++++++++++++++++++++++++++++++++
2025-11-11 10:01:54,262 P71403 [INFO] Config prebuild_2_love_u_convert
2025-11-11 10:02:05,821 P71732 [INFO] ************************************************************
2025-11-11 10:02:05,821 P71732 [INFO] ConfigSet Infra-EmbeddedPostBuild
2025-11-11 10:08:47,734 P72413 [INFO] ************************************************************
2025-11-11 10:08:47,734 P72413 [INFO] ConfigSet Infra-EmbeddedPreBuild
2025-11-11 10:08:47,736 P72413 [INFO] ++++++++++++++++++++++++++++++++++++++++++++++++++++++++++++
2025-11-11 10:08:47,736 P72413 [INFO] Config prebuild_0_love_u_convert
2025-11-11 10:08:47,737 P72413 [INFO] ============================================================
2025-11-11 10:08:47,737 P72413 [INFO] Command 01_make_cleanup_executable
2025-11-11 10:08:47,741 P72413 [INFO] Completed successfully.
2025-11-11 10:08:47,745 P72413 [INFO] ++++++++++++++++++++++++++++++++++++++++++++++++++++++++++++
2025-11-11 10:08:47,745 P72413 [INFO] Config prebuild_1_love_u_convert
2025-11-11 10:08:47,748 P72413 [INFO] ++++++++++++++++++++++++++++++++++++++++++++++++++++++++++++
2025-11-11 10:08:47,748 P72413 [INFO] Config prebuild_2_love_u_convert
2025-11-11 10:08:57,881 P72725 [INFO] ************************************************************
2025-11-11 10:08:57,881 P72725 [INFO] ConfigSet Infra-EmbeddedPostBuild
2025-11-11 10:34:12,752 P74303 [INFO] ************************************************************
2025-11-11 10:34:12,752 P74303 [INFO] ConfigSet Infra-EmbeddedPreBuild
2025-11-11 10:34:12,755 P74303 [INFO] ++++++++++++++++++++++++++++++++++++++++++++++++++++++++++++
2025-11-11 10:34:12,755 P74303 [INFO] Config prebuild_0_love_u_convert
2025-11-11 10:34:12,756 P74303 [INFO] ============================================================
2025-11-11 10:34:12,756 P74303 [INFO] Command 01_make_cleanup_executable
2025-11-11 10:34:12,760 P74303 [INFO] Completed successfully.
2025-11-11 10:34:12,763 P74303 [INFO] ++++++++++++++++++++++++++++++++++++++++++++++++++++++++++++
2025-11-11 10:34:12,763 P74303 [INFO] Config prebuild_1_love_u_convert
2025-11-11 10:34:12,767 P74303 [INFO] ++++++++++++++++++++++++++++++++++++++++++++++++++++++++++++
2025-11-11 10:34:12,767 P74303 [INFO] Config prebuild_2_love_u_convert
2025-11-11 10:34:23,019 P74564 [INFO] ************************************************************
2025-11-11 10:34:23,019 P74564 [INFO] ConfigSet Infra-EmbeddedPostBuild
2025-11-11 10:43:35,561 P75274 [INFO] ************************************************************
2025-11-11 10:43:35,561 P75274 [INFO] ConfigSet Infra-EmbeddedPreBuild
2025-11-11 10:43:35,564 P75274 [INFO] ++++++++++++++++++++++++++++++++++++++++++++++++++++++++++++
2025-11-11 10:43:35,564 P75274 [INFO] Config prebuild_0_love_u_convert
2025-11-11 10:43:35,565 P75274 [INFO] ============================================================
2025-11-11 10:43:35,565 P75274 [INFO] Command 01_make_cleanup_executable
2025-11-11 10:43:35,568 P75274 [INFO] Completed successfully.
2025-11-11 10:43:35,572 P75274 [INFO] ++++++++++++++++++++++++++++++++++++++++++++++++++++++++++++
2025-11-11 10:43:35,572 P75274 [INFO] Config prebuild_1_love_u_convert
2025-11-11 10:43:35,575 P75274 [INFO] ++++++++++++++++++++++++++++++++++++++++++++++++++++++++++++
2025-11-11 10:43:35,575 P75274 [INFO] Config prebuild_2_love_u_convert
2025-11-11 10:43:45,905 P75584 [INFO] ************************************************************
2025-11-11 10:43:45,905 P75584 [INFO] ConfigSet Infra-EmbeddedPostBuild
2025-11-12 15:19:33,248 P153130 [INFO] ************************************************************
2025-11-12 15:19:33,248 P153130 [INFO] ConfigSet Infra-EmbeddedPreBuild
2025-11-12 15:19:33,250 P153130 [INFO] ++++++++++++++++++++++++++++++++++++++++++++++++++++++++++++
2025-11-12 15:19:33,250 P153130 [INFO] Config prebuild_0_love_u_convert
2025-11-12 15:19:33,251 P153130 [INFO] ============================================================
2025-11-12 15:19:33,251 P153130 [INFO] Command 01_make_cleanup_executable
2025-11-12 15:19:33,255 P153130 [INFO] Completed successfully.
2025-11-12 15:19:33,259 P153130 [INFO] ++++++++++++++++++++++++++++++++++++++++++++++++++++++++++++
2025-11-12 15:19:33,259 P153130 [INFO] Config prebuild_1_love_u_convert
2025-11-12 15:19:33,263 P153130 [INFO] ++++++++++++++++++++++++++++++++++++++++++++++++++++++++++++
2025-11-12 15:19:33,263 P153130 [INFO] Config prebuild_2_love_u_convert
2025-11-12 15:19:43,548 P153441 [INFO] ************************************************************
2025-11-12 15:19:43,548 P153441 [INFO] ConfigSet Infra-EmbeddedPostBuild
2025-11-12 15:39:05,039 P154624 [INFO] ************************************************************
2025-11-12 15:39:05,039 P154624 [INFO] ConfigSet Infra-EmbeddedPreBuild
2025-11-12 15:39:05,042 P154624 [INFO] ++++++++++++++++++++++++++++++++++++++++++++++++++++++++++++
2025-11-12 15:39:05,042 P154624 [INFO] Config prebuild_0_love_u_convert
2025-11-12 15:39:05,043 P154624 [INFO] ============================================================
2025-11-12 15:39:05,043 P154624 [INFO] Command 01_make_cleanup_executable
2025-11-12 15:39:05,047 P154624 [INFO] Completed successfully.
2025-11-12 15:39:05,051 P154624 [INFO] ++++++++++++++++++++++++++++++++++++++++++++++++++++++++++++
2025-11-12 15:39:05,051 P154624 [INFO] Config prebuild_1_love_u_convert
2025-11-12 15:39:05,054 P154624 [INFO] ++++++++++++++++++++++++++++++++++++++++++++++++++++++++++++
2025-11-12 15:39:05,054 P154624 [INFO] Config prebuild_2_love_u_convert
2025-11-12 15:39:15,909 P154936 [INFO] ************************************************************
2025-11-12 15:39:15,909 P154936 [INFO] ConfigSet Infra-EmbeddedPostBuild
2025-11-12 17:32:03,631 P160312 [INFO] ************************************************************
2025-11-12 17:32:03,631 P160312 [INFO] ConfigSet Infra-EmbeddedPreBuild
2025-11-12 17:32:03,634 P160312 [INFO] ++++++++++++++++++++++++++++++++++++++++++++++++++++++++++++
2025-11-12 17:32:03,634 P160312 [INFO] Config prebuild_0_love_u_convert
2025-11-12 17:32:03,636 P160312 [INFO] ============================================================
2025-11-12 17:32:03,636 P160312 [INFO] Command 01_make_cleanup_executable
2025-11-12 17:32:03,640 P160312 [INFO] Completed successfully.
2025-11-12 17:32:03,644 P160312 [INFO] ++++++++++++++++++++++++++++++++++++++++++++++++++++++++++++
2025-11-12 17:32:03,644 P160312 [INFO] Config prebuild_1_love_u_convert
2025-11-12 17:32:03,647 P160312 [INFO] ++++++++++++++++++++++++++++++++++++++++++++++++++++++++++++
2025-11-12 17:32:03,647 P160312 [INFO] Config prebuild_2_love_u_convert
2025-11-12 17:32:13,993 P160620 [INFO] ************************************************************
2025-11-12 17:32:13,993 P160620 [INFO] ConfigSet Infra-EmbeddedPostBuild
2025-11-12 17:47:37,068 P161578 [INFO] ************************************************************
2025-11-12 17:47:37,068 P161578 [INFO] ConfigSet Infra-EmbeddedPreBuild
2025-11-12 17:47:37,070 P161578 [INFO] ++++++++++++++++++++++++++++++++++++++++++++++++++++++++++++
2025-11-12 17:47:37,070 P161578 [INFO] Config prebuild_0_love_u_convert
2025-11-12 17:47:37,072 P161578 [INFO] ============================================================
2025-11-12 17:47:37,072 P161578 [INFO] Command 01_make_cleanup_executable
2025-11-12 17:47:37,076 P161578 [INFO] Completed successfully.
2025-11-12 17:47:37,079 P161578 [INFO] ++++++++++++++++++++++++++++++++++++++++++++++++++++++++++++
2025-11-12 17:47:37,079 P161578 [INFO] Config prebuild_1_love_u_convert
2025-11-12 17:47:37,082 P161578 [INFO] ++++++++++++++++++++++++++++++++++++++++++++++++++++++++++++
2025-11-12 17:47:37,082 P161578 [INFO] Config prebuild_2_love_u_convert
2025-11-12 17:47:47,130 P161888 [INFO] ************************************************************
2025-11-12 17:47:47,130 P161888 [INFO] ConfigSet Infra-EmbeddedPostBuild
2025-11-12 18:02:03,243 P162892 [INFO] ************************************************************
2025-11-12 18:02:03,243 P162892 [INFO] ConfigSet Infra-EmbeddedPreBuild
2025-11-12 18:02:03,246 P162892 [INFO] ++++++++++++++++++++++++++++++++++++++++++++++++++++++++++++
2025-11-12 18:02:03,247 P162892 [INFO] Config prebuild_0_love_u_convert
2025-11-12 18:02:03,248 P162892 [INFO] ============================================================
2025-11-12 18:02:03,248 P162892 [INFO] Command 01_make_cleanup_executable
2025-11-12 18:02:03,254 P162892 [INFO] Completed successfully.
2025-11-12 18:02:03,258 P162892 [INFO] ++++++++++++++++++++++++++++++++++++++++++++++++++++++++++++
2025-11-12 18:02:03,258 P162892 [INFO] Config prebuild_1_love_u_convert
2025-11-12 18:02:03,263 P162892 [INFO] ++++++++++++++++++++++++++++++++++++++++++++++++++++++++++++
2025-11-12 18:02:03,263 P162892 [INFO] Config prebuild_2_love_u_convert
2025-11-12 18:02:13,957 P163202 [INFO] ************************************************************
2025-11-12 18:02:13,957 P163202 [INFO] ConfigSet Infra-EmbeddedPostBuild
2025-11-12 18:16:46,613 P164158 [INFO] ************************************************************
2025-11-12 18:16:46,613 P164158 [INFO] ConfigSet Infra-EmbeddedPreBuild
2025-11-12 18:16:46,616 P164158 [INFO] ++++++++++++++++++++++++++++++++++++++++++++++++++++++++++++
2025-11-12 18:16:46,616 P164158 [INFO] Config prebuild_0_love_u_convert
2025-11-12 18:16:46,617 P164158 [INFO] ============================================================
2025-11-12 18:16:46,617 P164158 [INFO] Command 01_make_cleanup_executable
2025-11-12 18:16:46,621 P164158 [INFO] Completed successfully.
2025-11-12 18:16:46,624 P164158 [INFO] ++++++++++++++++++++++++++++++++++++++++++++++++++++++++++++
2025-11-12 18:16:46,624 P164158 [INFO] Config prebuild_1_love_u_convert
2025-11-12 18:16:46,628 P164158 [INFO] ++++++++++++++++++++++++++++++++++++++++++++++++++++++++++++
2025-11-12 18:16:46,628 P164158 [INFO] Config prebuild_2_love_u_convert
2025-11-12 18:16:56,760 P164423 [INFO] ************************************************************
2025-11-12 18:16:56,760 P164423 [INFO] ConfigSet Infra-EmbeddedPostBuild
