[2025-11-10T11:09:59Z] Started EB User Data
+ SLEEP_TIME=2
+ SLEEP_TIME_MAX=3600
+ true
+ curl https://elasticbeanstalk-platform-assets-us-east-1.s3.amazonaws.com/stalks/eb_nodejs22_amazon_linux_2023_1.0.1315.0_20251101152428/lib/UserDataScript.sh
  % Total    % Received % Xferd  Average Speed   Time    Time     Time  Current
                                 Dload  Upload   Total   Spent    Left  Speed
  0     0    0     0    0     0      0      0 --:--:-- --:--:-- --:--:--     0100  4838  100  4838    0     0  94740      0 --:--:-- --:--:-- --:--:-- 96760
+ RESULT=0
+ [[ 0 -ne 0 ]]
+ /bin/bash /tmp/ebbootstrap.sh 'https://cloudformation-waitcondition-us-east-1.s3.amazonaws.com/arn%3Aaws%3Acloudformation%3Aus-east-1%3A365117797667%3Astack/awseb-e-x523ypef9c-stack/a2517480-be25-11f0-8d5d-0affc446c29b/a2537050-be25-11f0-8d5d-0affc446c29b/AWSEBInstanceLaunchWaitHandle?X-Amz-Algorithm=AWS4-HMAC-SHA256&X-Amz-Date=20251110T110852Z&X-Amz-SignedHeaders=host&X-Amz-Expires=86399&X-Amz-Credential=AKIA6L7Q4OWT3JRXU3BZ%2F20251110%2Fus-east-1%2Fs3%2Faws4_request&X-Amz-Signature=d3ef2731a8547ba35a86467fd249a2595f9c55e5cd7c17b9456c5238b917d3ff' arn:aws:cloudformation:us-east-1:365117797667:stack/awseb-e-x523ypef9c-stack/a2517480-be25-11f0-8d5d-0affc446c29b 36de0963-4d48-4861-b70b-15be1a15778c https://elasticbeanstalk-health.us-east-1.amazonaws.com '' https://elasticbeanstalk-platform-assets-us-east-1.s3.amazonaws.com/stalks/eb_nodejs22_amazon_linux_2023_1.0.1315.0_20251101152428 us-east-1
[2025-11-10T11:09:59.439Z] Started EB Bootstrapping Script.
[2025-11-10T11:09:59.443Z] Received parameters:
 TARBALLS = 
 EB_GEMS = 
 SIGNAL_URL = https://cloudformation-waitcondition-us-east-1.s3.amazonaws.com/arn%3Aaws%3Acloudformation%3Aus-east-1%3A365117797667%3Astack/awseb-e-x523ypef9c-stack/a2517480-be25-11f0-8d5d-0affc446c29b/a2537050-be25-11f0-8d5d-0affc446c29b/AWSEBInstanceLaunchWaitHandle?X-Amz-Algorithm=AWS4-HMAC-SHA256&X-Amz-Date=20251110T110852Z&X-Amz-SignedHeaders=host&X-Amz-Expires=86399&X-Amz-Credential=AKIA6L7Q4OWT3JRXU3BZ%2F20251110%2Fus-east-1%2Fs3%2Faws4_request&X-Amz-Signature=d3ef2731a8547ba35a86467fd249a2595f9c55e5cd7c17b9456c5238b917d3ff
 STACK_ID = arn:aws:cloudformation:us-east-1:365117797667:stack/awseb-e-x523ypef9c-stack/a2517480-be25-11f0-8d5d-0affc446c29b
 REGION = us-east-1
 GUID = 
 HEALTHD_GROUP_ID = 36de0963-4d48-4861-b70b-15be1a15778c
 HEALTHD_ENDPOINT = https://elasticbeanstalk-health.us-east-1.amazonaws.com
 PROXY_SERVER = 
 HEALTHD_PROXY_LOG_LOCATION = 
 PLATFORM_ASSETS_URL = https://elasticbeanstalk-platform-assets-us-east-1.s3.amazonaws.com/stalks/eb_nodejs22_amazon_linux_2023_1.0.1315.0_20251101152428
[2025-11-10T11:09:59.448Z] engine url is set to https://elasticbeanstalk-platform-assets-us-east-1.s3.amazonaws.com/stalks/eb_nodejs22_amazon_linux_2023_1.0.1315.0_20251101152428/lib/platform-engine.zip
[2025-11-10T11:09:59.450Z] first init of instance.
[2025-11-10T11:09:59.453Z] Started executing cfn_init _OnInstanceBoot.
[2025-11-10T11:09:59.456Z] Running cfn-init ConfigSet: _OnInstanceBoot.
[2025-11-10T11:09:59.458Z] Using stack-id from userdata
[2025-11-10T11:10:01.286Z] Command Returned: 
[2025-11-10T11:10:01.294Z] Completed executing cfn_init.
[2025-11-10T11:10:01.317Z] finished _OnInstanceBoot
[2025-11-10T11:10:01.327Z] installing platform engine
2025-11-10 11:10:02 URL:https://elasticbeanstalk-platform-assets-us-east-1.s3.amazonaws.com/stalks/eb_nodejs22_amazon_linux_2023_1.0.1315.0_20251101152428/lib/platform-engine.zip [33660537/33660537] -> "/tmp/platform-engine.zip" [1]
[2025-11-10T11:10:02.947Z] executing platform engine. see /var/log/eb-engine.log.
[2025-11-10T11:10:04.959Z] Successfully bootstrapped instance.
[2025-11-10T11:10:04.965Z] Sending signal 0 to CFN wait condition https://cloudformation-waitcondition-us-east-1.s3.amazonaws.com/arn%3Aaws%3Acloudformation%3Aus-east-1%3A365117797667%3Astack/awseb-e-x523ypef9c-stack/a2517480-be25-11f0-8d5d-0affc446c29b/a2537050-be25-11f0-8d5d-0affc446c29b/AWSEBInstanceLaunchWaitHandle?X-Amz-Algorithm=AWS4-HMAC-SHA256&X-Amz-Date=20251110T110852Z&X-Amz-SignedHeaders=host&X-Amz-Expires=86399&X-Amz-Credential=AKIA6L7Q4OWT3JRXU3BZ%2F20251110%2Fus-east-1%2Fs3%2Faws4_request&X-Amz-Signature=d3ef2731a8547ba35a86467fd249a2595f9c55e5cd7c17b9456c5238b917d3ff
CloudFormation signaled successfully with status SUCCESS
[2025-11-10T11:10:05.428Z] Tailing /var/log/eb-engine.log

******************* eb-engine taillog *******************
2025/11/10 11:10:03.917675 [INFO] bootstrap healthd....
2025/11/10 11:10:03.917696 [INFO] Running command: /usr/bin/id -u healthd || /usr/sbin/useradd --user-group healthd -s /sbin/nologin --create-home
2025/11/10 11:10:03.921316 [INFO] 1001

2025/11/10 11:10:03.921638 [INFO] configure bundle log for healthd...
2025/11/10 11:10:03.921706 [INFO] Executing instruction: GetSetupProxyLog
2025/11/10 11:10:03.921784 [INFO] Skipping Install yum packages
2025/11/10 11:10:03.921789 [INFO] Skipping Install default nodejs
2025/11/10 11:10:03.921793 [INFO] Skipping MarkBaked
2025/11/10 11:10:03.921797 [INFO] Instance has NOT been bootstrapped
2025/11/10 11:10:03.921800 [INFO] Executing instruction: TuneSystemSettings
2025/11/10 11:10:03.921803 [INFO] Starting TuneSystemSettings
2025/11/10 11:10:03.921808 [INFO] Instance has NOT been bootstrapped
2025/11/10 11:10:03.923625 [INFO] Executing instruction: GetSetupLogRotate
2025/11/10 11:10:03.923631 [INFO] Initialize LogRotate files and directories
2025/11/10 11:10:03.942142 [INFO] Instance has NOT been bootstrapped
2025/11/10 11:10:03.942159 [INFO] Executing instruction: BootstrapCFNHup
2025/11/10 11:10:03.942162 [INFO] Bootstrap cfn-hup
2025/11/10 11:10:03.944362 [INFO] Copying file /opt/elasticbeanstalk/config/private/aws-eb-command-handler.conf to /etc/cfn/hooks.d/aws-eb-command-handler.conf
2025/11/10 11:10:03.946845 [INFO] Executing instruction: StartCFNHup
2025/11/10 11:10:03.946858 [INFO] Start cfn-hup
2025/11/10 11:10:03.946872 [INFO] Running command: systemctl show -p PartOf cfn-hup.service
2025/11/10 11:10:03.962382 [INFO] cfn-hup is not registered with EB yet, registering it now
2025/11/10 11:10:03.962421 [INFO] Running command: systemctl show -p PartOf cfn-hup.service
2025/11/10 11:10:03.979231 [INFO] Running command: systemctl daemon-reload
2025/11/10 11:10:04.257086 [INFO] Running command: systemctl reset-failed
2025/11/10 11:10:04.267968 [INFO] Running command: systemctl is-enabled aws-eb.target
2025/11/10 11:10:04.276944 [INFO] Running command: systemctl enable aws-eb.target
2025/11/10 11:10:04.537410 [INFO] Running command: systemctl start aws-eb.target
2025/11/10 11:10:04.548335 [INFO] Running command: systemctl enable cfn-hup.service
2025/11/10 11:10:04.813457 [INFO] Created symlink /etc/systemd/system/multi-user.target.wants/cfn-hup.service → /etc/systemd/system/cfn-hup.service.

2025/11/10 11:10:04.813500 [INFO] Running command: systemctl is-active cfn-hup.service
2025/11/10 11:10:04.823255 [INFO] cfn-hup process is not running, starting it now
2025/11/10 11:10:04.823278 [INFO] Running command: systemctl show -p PartOf cfn-hup.service
2025/11/10 11:10:04.835081 [INFO] Running command: systemctl is-active cfn-hup.service
2025/11/10 11:10:04.844431 [INFO] Running command: systemctl start cfn-hup.service
2025/11/10 11:10:04.954322 [INFO] Instance has NOT been bootstrapped
2025/11/10 11:10:04.954346 [INFO] Executing instruction: SetupPublishLogCronjob
2025/11/10 11:10:04.954350 [INFO] Setup publish logs cron job...
2025/11/10 11:10:04.954356 [INFO] Copying file /opt/elasticbeanstalk/config/private/logtasks/cron/publishlogs to /etc/cron.d/publishlogs
2025/11/10 11:10:04.956640 [INFO] Instance has NOT been bootstrapped
2025/11/10 11:10:04.956658 [INFO] Executing instruction: MarkBootstrapped
2025/11/10 11:10:04.956662 [INFO] Starting MarkBootstrapped
2025/11/10 11:10:04.956668 [INFO] Instance has NOT been bootstrapped
2025/11/10 11:10:04.956786 [INFO] Marked instance as Bootstrapped
2025/11/10 11:10:04.956792 [INFO] Executing instruction: Save CFN Stack Info
2025/11/10 11:10:04.956852 [INFO] Executing cleanup logic
2025/11/10 11:10:04.956863 [INFO] Platform Engine finished execution on command: env-launch
******************* End of taillog *******************


[2025-11-10T11:10:05.432Z] Tailing /var/log/eb-tools.log

******************* eb-tools taillog *******************
***eb-tools is not available yet.***
******************* End of taillog *******************


[2025-11-10T11:10:05.439Z] Tailing /var/log/eb-hooks.log

******************* eb-hooks taillog *******************
***eb-hooks is not available yet.***
******************* End of taillog *******************


[2025-11-10T11:10:05.441Z] Tailing /var/log/cfn-init.log

******************* cfn-init taillog *******************
2025-11-10 11:10:00,602 [INFO] -----------------------Starting build-----------------------
2025-11-10 11:10:00,625 [INFO] Running configSets: _OnInstanceBoot
2025-11-10 11:10:00,630 [INFO] Running configSet _OnInstanceBoot
2025-11-10 11:10:00,633 [INFO] Running config AWSEBBaseConfig
2025-11-10 11:10:01,122 [INFO] Command clearbackupfiles succeeded
2025-11-10 11:10:01,133 [INFO] Running config AWSEBCfnHupEndpointOverride
2025-11-10 11:10:01,149 [INFO] Command clearbackupfiles succeeded
2025-11-10 11:10:01,151 [INFO] ConfigSets completed
2025-11-10 11:10:01,151 [INFO] -----------------------Build complete-----------------------
******************* End of taillog *******************


[2025-11-10T11:10:05.445Z] Tailing /var/log/cfn-hup.log

******************* cfn-hup taillog *******************
2025-11-10 11:10:05,303 [DEBUG] CloudFormation client initialized with endpoint https://cloudformation.us-east-1.amazonaws.com
2025-11-10 11:10:05,304 [DEBUG] SQS client initialized with endpoint https://sqs.us-east-1.amazonaws.com
2025-11-10 11:10:05,304 [DEBUG] CloudFormation client initialized with endpoint https://cloudformation.us-east-1.amazonaws.com
2025-11-10 11:10:05,304 [DEBUG] Enabled single threading mode.
2025-11-10 11:10:05,304 [DEBUG] Creating /var/lib/cfn-hup/data
2025-11-10 11:10:05,326 [INFO] No umask value specified in config file. Using the default one: 0o22
2025-11-10 11:10:05,390 [INFO] Pid: 1795
******************* End of taillog *******************


[2025-11-10T11:10:05.448Z] Completed EB Bootstrapping Script.
+ RESULT=0
+ [[ 0 -ne 0 ]]
+ exit 0
