2025-12-12 21:53:52,216 [DEBUG] CloudFormation client initialized with endpoint https://cloudformation.us-east-1.amazonaws.com
2025-12-12 21:53:52,217 [DEBUG] SQS client initialized with endpoint https://sqs.us-east-1.amazonaws.com
2025-12-12 21:53:52,217 [DEBUG] CloudFormation client initialized with endpoint https://cloudformation.us-east-1.amazonaws.com
2025-12-12 21:53:52,217 [DEBUG] Enabled single threading mode.
2025-12-12 21:53:52,217 [DEBUG] Creating /var/lib/cfn-hup/data
2025-12-12 21:53:52,226 [INFO] No umask value specified in config file. Using the default one: 0o22
2025-12-12 21:53:52,288 [INFO] Pid: 1794
2025-12-12 21:53:53,827 [INFO] Refreshing listener credentials
2025-12-12 21:53:53,911 [INFO] Scheduling next credential refresh in 1799.0 seconds
2025-12-12 21:56:42,445 [INFO] Received command ElasticBeanstalkCommand-AWSEBAutoScalingGroup (invocation id: e1b1bb30-0d69-49d8-bf1d-9646347cfc72)
2025-12-12 21:56:42,445 [INFO] Running action for aws-eb-command-handler
2025-12-12 21:56:46,586 [INFO] Action for aws-eb-command-handler succeeded, returning SUCCESS
2025-12-12 21:59:06,899 [INFO] command processing is alive.
2025-12-12 22:04:07,471 [INFO] command processing is alive.
2025-12-12 22:08:15,379 [INFO] Received command ElasticBeanstalkCommand-AWSEBAutoScalingGroup (invocation id: 3360e029-4b18-4b1d-a08c-6344ad0ee5df)
2025-12-12 22:08:15,379 [INFO] Running action for aws-eb-command-handler
2025-12-12 22:08:16,139 [INFO] Action for aws-eb-command-handler succeeded, returning SUCCESS
2025-12-12 22:09:16,299 [INFO] command processing is alive.
2025-12-12 22:09:34,999 [INFO] Received command ElasticBeanstalkCommand-AWSEBAutoScalingGroup (invocation id: d0c1adc7-1778-4c54-8bd9-e7a52a02c988)
2025-12-12 22:09:35,000 [INFO] Running action for aws-eb-command-handler
2025-12-12 22:09:35,766 [INFO] Action for aws-eb-command-handler succeeded, returning SUCCESS
2025-12-12 22:14:36,275 [INFO] command processing is alive.
2025-12-12 22:19:36,750 [INFO] command processing is alive.
2025-12-12 22:23:52,911 [INFO] Refreshing listener credentials
2025-12-12 22:23:52,997 [INFO] Scheduling next credential refresh in 1799.0 seconds
2025-12-12 22:24:37,175 [INFO] command processing is alive.
2025-12-12 22:29:37,660 [INFO] command processing is alive.
2025-12-12 22:34:38,128 [INFO] command processing is alive.
2025-12-12 22:39:38,568 [INFO] command processing is alive.
2025-12-12 22:40:26,787 [INFO] Received command ElasticBeanstalkCommand-AWSEBAutoScalingGroup (invocation id: 84b805ec-652c-4a4c-bc3c-73afc2674f54)
2025-12-12 22:40:26,787 [INFO] Running action for aws-eb-command-handler
